<?xml version="1.0" encoding="UTF-8"?>
<testsuite hostname="SRINIVAS-PC" name="com.rl.selenium.AppTest" tests="10" failures="0" timestamp="23 Dec 2013 13:42:18 GMT" time="3.338" errors="0">
  <testcase name="Testlogin" time="2.248" classname="com.rl.selenium.AppTest"/>
  <testcase name="TestproductList" time="0.07" classname="com.rl.selenium.AppTest"/>
  <testcase name="TestcategoryOne" time="0.11" classname="com.rl.selenium.AppTest"/>
  <testcase name="Testcategorytwo" time="0.25" classname="com.rl.selenium.AppTest"/>
  <testcase name="Testcategorythree" time="0.094" classname="com.rl.selenium.AppTest"/>
  <testcase name="Testcategoryfour" time="0.064" classname="com.rl.selenium.AppTest"/>
  <testcase name="Testcontactus" time="0.13" classname="com.rl.selenium.AppTest"/>
  <testcase name="Testplaceorder" time="0.13" classname="com.rl.selenium.AppTest"/>
  <testcase name="TestloginFailed" time="0.18" classname="com.rl.selenium.AppTest"/>
  <testcase name="Testlogout" time="0.04" classname="com.rl.selenium.AppTest"/>
</testsuite>
